<?xml version="1.0" encoding="UTF-8"?>
<!-- Generated by org.testng.reporters.JUnitReportReporter -->
<testsuite hostname="DESKTOP-NQ1KCMR" failures="0" tests="1" name="seleniumBasics.TestNGAnnotations" time="0.022" errors="0" timestamp="2025-08-21T14:21:40 IST" skipped="0">
  <testcase classname="seleniumBasics.TestNGAnnotations" name="testCase" time="0.022"/>
</testsuite> <!-- seleniumBasics.TestNGAnnotations -->
